<?xml version="1.0" encoding="UTF-8" ?>
<h:html xmlns:h="http://www.w3.org/1999/xhtml" xmlns:orx="http://openrosa.org/jr/xforms" xmlns="http://www.w3.org/2002/xforms" xmlns:xsd="http://www.w3.org/2001/XMLSchema" xmlns:jr="http://openrosa.org/javarosa" xmlns:vellum="http://commcarehq.org/xforms/vellum">
	<h:head>
		<h:title>Untitled Form</h:title>
		<model>
			<instance>
				<data xmlns:jrm="http://dev.commcarehq.org/jr/xforms" xmlns="http://openrosa.org/formdesigner/BDBF500D-13AD-40F0-90B5-EE65A56F92E5" uiVersion="1" version="1" name="Untitled Form">
					<question1 />
					<question2 />
					<question3 />
				</data>
			</instance>
			<bind vellum:nodeset="#form/question1" nodeset="/data/question1" type="xsd:string" />
			<bind vellum:nodeset="#form/question2" nodeset="/data/question2" type="xsd:string" vellum:relevant="#form/question1 = #case/dob" relevant="/data/question1 = instance('casedb')/cases/case[@case_id = instance('commcaresession')/session/data/case_id]/dob" />
			<bind vellum:nodeset="#form/question3" nodeset="/data/question3" type="xsd:string" vellum:relevant="#form/question2 = #form/question1" relevant="/data/question2 = /data/question1" />
			<itext>
				<translation lang="en" default="">
					<text id="question1-label">
						<value>question1</value>
					</text>
					<text id="question2-label">
						<value>question2</value>
					</text>
					<text id="question3-label">
						<value>question3</value>
					</text>
				</translation>
				<translation lang="hin">
					<text id="question1-label">
						<value>question1</value>
					</text>
					<text id="question2-label">
						<value>question2</value>
					</text>
					<text id="question3-label">
						<value>question3</value>
					</text>
				</translation>
			</itext>
		</model>
	</h:head>
	<h:body>
		<input vellum:ref="#form/question1" ref="/data/question1">
			<label ref="jr:itext('question1-label')" />
		</input>
		<input vellum:ref="#form/question2" ref="/data/question2">
			<label ref="jr:itext('question2-label')" />
		</input>
		<input vellum:ref="#form/question3" ref="/data/question3">
			<label ref="jr:itext('question3-label')" />
		</input>
	</h:body>
</h:html>
